[debug] [2025-11-20T05:02:51.101Z] ----------------------------------------------------------------------
[debug] [2025-11-20T05:02:51.129Z] Command:       C:\nvm4w\nodejs\node.exe C:\Users\Hnin Yu Khaing\AppData\Roaming\npm\node_modules\firebase-tools\lib\bin\firebase.js init functions
[debug] [2025-11-20T05:02:51.131Z] CLI Version:   14.24.2
[debug] [2025-11-20T05:02:51.132Z] Platform:      win32
[debug] [2025-11-20T05:02:51.132Z] Node Version:  v20.19.5
[debug] [2025-11-20T05:02:51.133Z] Time:          Thu Nov 20 2025 14:02:51 GMT+0900 (日本標準時)
[debug] [2025-11-20T05:02:51.135Z] ----------------------------------------------------------------------
[debug] 
[debug] [2025-11-20T05:02:51.157Z] >>> [apiv2][query] GET https://firebase-public.firebaseio.com/cli.json [none]
[debug] [2025-11-20T05:02:51.860Z] Object "" in "firebase.json" has unknown property: {"additionalProperty":"flutter"}
[debug] [2025-11-20T05:02:51.887Z] Object "" in "firebase.json" has unknown property: {"additionalProperty":"flutter"}
[info] 
     ######## #### ########  ######## ########     ###     ######  ########
     ##        ##  ##     ## ##       ##     ##  ##   ##  ##       ##
     ######    ##  ########  ######   ########  #########  ######  ######
     ##        ##  ##    ##  ##       ##     ## ##     ##       ## ##
     ##       #### ##     ## ######## ########  ##     ##  ######  ########

You're about to initialize a Firebase project in this directory:

  C:\Users\Hnin Yu Khaing\Flutter_Tests\calamity_report

Before we get started, keep in mind:

  * You are initializing within an existing Firebase project directory

[debug] [2025-11-20T05:02:52.592Z] <<< [apiv2][status] GET https://firebase-public.firebaseio.com/cli.json 200
[debug] [2025-11-20T05:02:52.593Z] <<< [apiv2][body] GET https://firebase-public.firebaseio.com/cli.json {"cloudBuildErrorAfter":1594252800000,"cloudBuildWarnAfter":1590019200000,"defaultNode10After":1594252800000,"minVersion":"3.0.5","node8DeploysDisabledAfter":1613390400000,"node8RuntimeDisabledAfter":1615809600000,"node8WarnAfter":1600128000000}
[info] 
=== Project Setup
[info] 
[info] First, let's associate this project directory with a Firebase project.
[info] You can create multiple project aliases by running firebase use --add, 
[info] 
[debug] [2025-11-20T05:03:24.774Z] > command requires scopes: ["email","openid","https://www.googleapis.com/auth/cloudplatformprojects.readonly","https://www.googleapis.com/auth/firebase","https://www.googleapis.com/auth/cloud-platform"]
[debug] [2025-11-20T05:03:24.775Z] > authorizing via signed-in user (ict.yukinc.hninyukhaing837@gmail.com)
[debug] [2025-11-20T05:03:24.776Z] Checked if tokens are valid: false, expires at: 1762831124964
[debug] [2025-11-20T05:03:24.777Z] Checked if tokens are valid: false, expires at: 1762831124964
[debug] [2025-11-20T05:03:24.777Z] > refreshing access token with scopes: []
[debug] [2025-11-20T05:03:24.778Z] >>> [apiv2][query] POST https://www.googleapis.com/oauth2/v3/token [none]
[debug] [2025-11-20T05:03:24.778Z] >>> [apiv2][body] POST https://www.googleapis.com/oauth2/v3/token [omitted]
[debug] [2025-11-20T05:03:25.439Z] <<< [apiv2][status] POST https://www.googleapis.com/oauth2/v3/token 200
[debug] [2025-11-20T05:03:25.439Z] <<< [apiv2][body] POST https://www.googleapis.com/oauth2/v3/token [omitted]
[debug] [2025-11-20T05:03:25.466Z] >>> [apiv2][query] GET https://firebase.googleapis.com/v1beta1/projects/calamity-report [none]
[debug] [2025-11-20T05:03:26.632Z] <<< [apiv2][status] GET https://firebase.googleapis.com/v1beta1/projects/calamity-report 200
[debug] [2025-11-20T05:03:26.632Z] <<< [apiv2][body] GET https://firebase.googleapis.com/v1beta1/projects/calamity-report {"projectId":"calamity-report","projectNumber":"522642764339","displayName":"calamity-report","name":"projects/calamity-report","resources":{"hostingSite":"calamity-report"},"state":"ACTIVE","etag":"1_cbc51080-3a23-4b4a-88af-1d70e60c0434"}
[info] i  Using project calamity-report (calamity-report) . 
[info] 
=== Functions Setup
[debug] [2025-11-20T05:03:26.660Z] > command requires scopes: ["email","openid","https://www.googleapis.com/auth/cloudplatformprojects.readonly","https://www.googleapis.com/auth/firebase","https://www.googleapis.com/auth/cloud-platform"]
[debug] [2025-11-20T05:03:26.660Z] > authorizing via signed-in user (ict.yukinc.hninyukhaing837@gmail.com)
[debug] [2025-11-20T05:03:26.661Z] [iam] checking project calamity-report for permissions ["firebase.projects.get"]
[debug] [2025-11-20T05:03:26.661Z] Checked if tokens are valid: true, expires at: 1763618604439
[debug] [2025-11-20T05:03:26.661Z] Checked if tokens are valid: true, expires at: 1763618604439
[debug] [2025-11-20T05:03:26.661Z] >>> [apiv2][query] POST https://cloudresourcemanager.googleapis.com/v1/projects/calamity-report:testIamPermissions [none]
[debug] [2025-11-20T05:03:26.661Z] >>> [apiv2][(partial)header] POST https://cloudresourcemanager.googleapis.com/v1/projects/calamity-report:testIamPermissions x-goog-quota-user=projects/calamity-report
[debug] [2025-11-20T05:03:26.661Z] >>> [apiv2][body] POST https://cloudresourcemanager.googleapis.com/v1/projects/calamity-report:testIamPermissions {"permissions":["firebase.projects.get"]}
[debug] [2025-11-20T05:03:27.712Z] <<< [apiv2][status] POST https://cloudresourcemanager.googleapis.com/v1/projects/calamity-report:testIamPermissions 200
[debug] [2025-11-20T05:03:27.712Z] <<< [apiv2][body] POST https://cloudresourcemanager.googleapis.com/v1/projects/calamity-report:testIamPermissions {"permissions":["firebase.projects.get"]}
[info] 
Detected existing codebase(s): default

[info] Let's create a new codebase for your functions.
[info] A directory corresponding to the codebase will be created in your project
[info] with sample code pre-configured.

[info] See https://firebase.google.com/docs/functions/organize-functions for
[info] more information on organizing your functions using codebases.

[info] Functions can be deployed with firebase deploy.

[error] Invalid codebase name. Codebase must be less than 64 characters and can contain only lowercase letters, numeric characters, underscores, and dashes.
[debug] [2025-11-20T05:04:48.525Z] ExitPromptError: User force closed the prompt with SIGINT
    at Interface.sigint (C:\Users\Hnin Yu Khaing\AppData\Roaming\npm\node_modules\firebase-tools\node_modules\@inquirer\core\dist\commonjs\lib\create-prompt.js:101:37)
    at Interface.emit (node:events:524:28)
    at Interface.emit (node:domain:489:12)
    at [_ttyWrite] [as _ttyWrite] (node:internal/readline/interface:1128:18)
    at ReadStream.onkeypress (node:internal/readline/interface:267:20)
    at ReadStream.emit (node:events:536:35)
    at ReadStream.emit (node:domain:489:12)
    at emitKeys (node:internal/readline/utils:371:14)
    at emitKeys.next (<anonymous>)
    at ReadStream.onData (node:internal/readline/emitKeypressEvents:64:36)
[error] 
[error] Error: An unexpected error has occurred.
